app/build/intermediates/manifest_merge_blame_file/debug/manifest-merger-blame-debug-report.txt
1<?xml version="1.0" encoding="utf-8"?>
2<manifest xmlns:android="http://schemas.android.com/apk/res/android"
3    package="com.produktibo.launcher"
4    android:versionCode="1"
5    android:versionName="1.0" >
6
7    <uses-sdk
8        android:minSdkVersion="26"
9        android:targetSdkVersion="34" />
10
11    <!-- Permissions required for Launcher, Usage Stats & Notifications -->
12    <uses-permission android:name="android.permission.QUERY_ALL_PACKAGES" />
12-->src\main\AndroidManifest.xml:6:5-119
12-->src\main\AndroidManifest.xml:6:22-74
13    <uses-permission android:name="android.permission.PACKAGE_USAGE_STATS" />
13-->src\main\AndroidManifest.xml:7:5-114
13-->src\main\AndroidManifest.xml:7:22-75
14    <uses-permission android:name="android.permission.BIND_NOTIFICATION_LISTENER_SERVICE" />
14-->src\main\AndroidManifest.xml:8:5-129
14-->src\main\AndroidManifest.xml:8:22-90
15
16    <permission
16-->[androidx.core:core:1.12.0] AndroidManifest.xml:22:5-24:47
17        android:name="com.produktibo.launcher.DYNAMIC_RECEIVER_NOT_EXPORTED_PERMISSION"
17-->[androidx.core:core:1.12.0] AndroidManifest.xml:23:9-81
18        android:protectionLevel="signature" />
18-->[androidx.core:core:1.12.0] AndroidManifest.xml:24:9-44
19
20    <uses-permission android:name="com.produktibo.launcher.DYNAMIC_RECEIVER_NOT_EXPORTED_PERMISSION" />
20-->[androidx.core:core:1.12.0] AndroidManifest.xml:26:5-97
20-->[androidx.core:core:1.12.0] AndroidManifest.xml:26:22-94
21
22    <application
22-->src\main\AndroidManifest.xml:10:5-72:19
23        android:allowBackup="true"
23-->src\main\AndroidManifest.xml:11:9-35
24        android:appComponentFactory="androidx.core.app.CoreComponentFactory"
24-->[androidx.core:core:1.12.0] AndroidManifest.xml:28:18-86
25        android:debuggable="true"
26        android:extractNativeLibs="false"
27        android:icon="@drawable/ic_launcher"
27-->src\main\AndroidManifest.xml:12:9-45
28        android:label="@string/app_name"
28-->src\main\AndroidManifest.xml:13:9-41
29        android:supportsRtl="true"
29-->src\main\AndroidManifest.xml:14:9-35
30        android:testOnly="true"
31        android:theme="@style/Theme.ProduktibO" >
31-->src\main\AndroidManifest.xml:15:9-48
32
33        <!-- Main Home Launcher Activity -->
34        <activity
34-->src\main\AndroidManifest.xml:18:9-32:20
35            android:name="com.produktibo.launcher.MainActivity"
35-->src\main\AndroidManifest.xml:19:13-41
36            android:clearTaskOnLaunch="true"
36-->src\main\AndroidManifest.xml:22:13-45
37            android:exported="true"
37-->src\main\AndroidManifest.xml:20:13-36
38            android:launchMode="singleTask"
38-->src\main\AndroidManifest.xml:21:13-44
39            android:stateNotNeeded="true"
39-->src\main\AndroidManifest.xml:23:13-42
40            android:theme="@style/Theme.ProduktibO" >
40-->src\main\AndroidManifest.xml:24:13-52
41            <intent-filter>
41-->src\main\AndroidManifest.xml:26:13-31:29
42                <action android:name="android.intent.action.MAIN" />
42-->src\main\AndroidManifest.xml:27:17-69
42-->src\main\AndroidManifest.xml:27:25-66
43
44                <category android:name="android.intent.category.HOME" />
44-->src\main\AndroidManifest.xml:28:17-73
44-->src\main\AndroidManifest.xml:28:27-70
45                <category android:name="android.intent.category.DEFAULT" />
45-->src\main\AndroidManifest.xml:29:17-76
45-->src\main\AndroidManifest.xml:29:27-73
46                <category android:name="android.intent.category.LAUNCHER" />
46-->src\main\AndroidManifest.xml:30:17-77
46-->src\main\AndroidManifest.xml:30:27-74
47            </intent-filter>
48        </activity> <!-- Dummy Activity Alias used to reset default home launcher association -->
49        <activity-alias
49-->src\main\AndroidManifest.xml:35:9-45:26
50            android:name="com.produktibo.launcher.FakeHomeAlias"
50-->src\main\AndroidManifest.xml:36:13-42
51            android:enabled="false"
51-->src\main\AndroidManifest.xml:38:13-36
52            android:exported="true"
52-->src\main\AndroidManifest.xml:39:13-36
53            android:targetActivity="com.produktibo.launcher.MainActivity" >
53-->src\main\AndroidManifest.xml:37:13-51
54            <intent-filter>
54-->src\main\AndroidManifest.xml:40:13-44:29
55                <action android:name="android.intent.action.MAIN" />
55-->src\main\AndroidManifest.xml:27:17-69
55-->src\main\AndroidManifest.xml:27:25-66
56
57                <category android:name="android.intent.category.HOME" />
57-->src\main\AndroidManifest.xml:28:17-73
57-->src\main\AndroidManifest.xml:28:27-70
58                <category android:name="android.intent.category.DEFAULT" />
58-->src\main\AndroidManifest.xml:29:17-76
58-->src\main\AndroidManifest.xml:29:27-73
59            </intent-filter>
60        </activity-alias>
61
62        <!-- Plain Text Notification Listener Service -->
63        <service
63-->src\main\AndroidManifest.xml:48:9-56:19
64            android:name="com.produktibo.launcher.service.PlainNotificationService"
64-->src\main\AndroidManifest.xml:49:13-61
65            android:exported="true"
65-->src\main\AndroidManifest.xml:52:13-36
66            android:label="Produktib O? Plain Notifications"
66-->src\main\AndroidManifest.xml:50:13-61
67            android:permission="android.permission.BIND_NOTIFICATION_LISTENER_SERVICE" >
67-->src\main\AndroidManifest.xml:51:13-87
68            <intent-filter>
68-->src\main\AndroidManifest.xml:53:13-55:29
69                <action android:name="android.service.notification.NotificationListenerService" />
69-->src\main\AndroidManifest.xml:54:17-99
69-->src\main\AndroidManifest.xml:54:25-96
70            </intent-filter>
71        </service>
72
73        <!-- Double-Tap Screen Off Accessibility Service -->
74        <service
74-->src\main\AndroidManifest.xml:59:9-70:19
75            android:name="com.produktibo.launcher.service.DoubleTapLockService"
75-->src\main\AndroidManifest.xml:60:13-57
76            android:exported="true"
76-->src\main\AndroidManifest.xml:63:13-36
77            android:label="Produktib O? Screen Lock"
77-->src\main\AndroidManifest.xml:61:13-53
78            android:permission="android.permission.BIND_ACCESSIBILITY_SERVICE" >
78-->src\main\AndroidManifest.xml:62:13-79
79            <intent-filter>
79-->src\main\AndroidManifest.xml:64:13-66:29
80                <action android:name="android.accessibilityservice.AccessibilityService" />
80-->src\main\AndroidManifest.xml:65:17-92
80-->src\main\AndroidManifest.xml:65:25-89
81            </intent-filter>
82
83            <meta-data
83-->src\main\AndroidManifest.xml:67:13-69:72
84                android:name="android.accessibilityservice"
84-->src\main\AndroidManifest.xml:68:17-60
85                android:resource="@xml/accessibility_service_config" />
85-->src\main\AndroidManifest.xml:69:17-69
86        </service>
87
88        <provider
88-->[androidx.emoji2:emoji2:1.3.0] AndroidManifest.xml:24:9-32:20
89            android:name="androidx.startup.InitializationProvider"
89-->[androidx.emoji2:emoji2:1.3.0] AndroidManifest.xml:25:13-67
90            android:authorities="com.produktibo.launcher.androidx-startup"
90-->[androidx.emoji2:emoji2:1.3.0] AndroidManifest.xml:26:13-68
91            android:exported="false" >
91-->[androidx.emoji2:emoji2:1.3.0] AndroidManifest.xml:27:13-37
92            <meta-data
92-->[androidx.emoji2:emoji2:1.3.0] AndroidManifest.xml:29:13-31:52
93                android:name="androidx.emoji2.text.EmojiCompatInitializer"
93-->[androidx.emoji2:emoji2:1.3.0] AndroidManifest.xml:30:17-75
94                android:value="androidx.startup" />
94-->[androidx.emoji2:emoji2:1.3.0] AndroidManifest.xml:31:17-49
95            <meta-data
95-->[androidx.lifecycle:lifecycle-process:2.7.0] AndroidManifest.xml:29:13-31:52
96                android:name="androidx.lifecycle.ProcessLifecycleInitializer"
96-->[androidx.lifecycle:lifecycle-process:2.7.0] AndroidManifest.xml:30:17-78
97                android:value="androidx.startup" />
97-->[androidx.lifecycle:lifecycle-process:2.7.0] AndroidManifest.xml:31:17-49
98            <meta-data
98-->[androidx.profileinstaller:profileinstaller:1.3.0] AndroidManifest.xml:29:13-31:52
99                android:name="androidx.profileinstaller.ProfileInstallerInitializer"
99-->[androidx.profileinstaller:profileinstaller:1.3.0] AndroidManifest.xml:30:17-85
100                android:value="androidx.startup" />
100-->[androidx.profileinstaller:profileinstaller:1.3.0] AndroidManifest.xml:31:17-49
101        </provider>
102
103        <receiver
103-->[androidx.profileinstaller:profileinstaller:1.3.0] AndroidManifest.xml:34:9-52:20
104            android:name="androidx.profileinstaller.ProfileInstallReceiver"
104-->[androidx.profileinstaller:profileinstaller:1.3.0] AndroidManifest.xml:35:13-76
105            android:directBootAware="false"
105-->[androidx.profileinstaller:profileinstaller:1.3.0] AndroidManifest.xml:36:13-44
106            android:enabled="true"
106-->[androidx.profileinstaller:profileinstaller:1.3.0] AndroidManifest.xml:37:13-35
107            android:exported="true"
107-->[androidx.profileinstaller:profileinstaller:1.3.0] AndroidManifest.xml:38:13-36
108            android:permission="android.permission.DUMP" >
108-->[androidx.profileinstaller:profileinstaller:1.3.0] AndroidManifest.xml:39:13-57
109            <intent-filter>
109-->[androidx.profileinstaller:profileinstaller:1.3.0] AndroidManifest.xml:40:13-42:29
110                <action android:name="androidx.profileinstaller.action.INSTALL_PROFILE" />
110-->[androidx.profileinstaller:profileinstaller:1.3.0] AndroidManifest.xml:41:17-91
110-->[androidx.profileinstaller:profileinstaller:1.3.0] AndroidManifest.xml:41:25-88
111            </intent-filter>
112            <intent-filter>
112-->[androidx.profileinstaller:profileinstaller:1.3.0] AndroidManifest.xml:43:13-45:29
113                <action android:name="androidx.profileinstaller.action.SKIP_FILE" />
113-->[androidx.profileinstaller:profileinstaller:1.3.0] AndroidManifest.xml:44:17-85
113-->[androidx.profileinstaller:profileinstaller:1.3.0] AndroidManifest.xml:44:25-82
114            </intent-filter>
115            <intent-filter>
115-->[androidx.profileinstaller:profileinstaller:1.3.0] AndroidManifest.xml:46:13-48:29
116                <action android:name="androidx.profileinstaller.action.SAVE_PROFILE" />
116-->[androidx.profileinstaller:profileinstaller:1.3.0] AndroidManifest.xml:47:17-88
116-->[androidx.profileinstaller:profileinstaller:1.3.0] AndroidManifest.xml:47:25-85
117            </intent-filter>
118            <intent-filter>
118-->[androidx.profileinstaller:profileinstaller:1.3.0] AndroidManifest.xml:49:13-51:29
119                <action android:name="androidx.profileinstaller.action.BENCHMARK_OPERATION" />
119-->[androidx.profileinstaller:profileinstaller:1.3.0] AndroidManifest.xml:50:17-95
119-->[androidx.profileinstaller:profileinstaller:1.3.0] AndroidManifest.xml:50:25-92
120            </intent-filter>
121        </receiver>
122    </application>
123
124</manifest>